<?xml version="1.0" encoding="UTF-8" ?>
<testsuite errors="0" failures="0" hostname="RES1PARAS-M1" name="app.TicketServiceAppTest" tests="1" time="50.287" timestamp="2015-11-01T04:11:35">
  <properties>
[...]
</properties>
  <testcase classname="app.TicketServiceAppTest" name="multiThreadedBooking" time="50.072" />
  <system-out><![CDATA[Number of seats at level 1:  12

test1@yahoo.com reviewing options 10 sec
test2@yahoo.com reviewing options 7 sec
test3@yahoo.com reviewing options 12 sec
test4@yahoo.com reviewing options 8 sec
Number of seats at level 1:  12

test5@yahoo.com reviewing options 10 sec
Booking order  for-->test2@yahoo.com Number of Seats: 2 startLevel : 1
Each level==>1 level list: [[Seat [levelId=1, rowId=1, seatNumber=1, available=true], Seat [levelId=1, rowId=1, seatNumber=2, available=true], Seat [levelId=1, rowId=1, seatNumber=3, available=true], Seat [levelId=1, rowId=1, seatNumber=4, available=true]], [Seat [levelId=1, rowId=2, seatNumber=1, available=true], Seat [levelId=1, rowId=2, seatNumber=2, available=true], Seat [levelId=1, rowId=2, seatNumber=3, available=true], Seat [levelId=1, rowId=2, seatNumber=4, available=true]], [Seat [levelId=1, rowId=3, seatNumber=1, available=true], Seat [levelId=1, rowId=3, seatNumber=2, available=true], Seat [levelId=1, rowId=3, seatNumber=3, available=true], Seat [levelId=1, rowId=3, seatNumber=4, available=true]]]
Putting Hold for :  Customer: test2@yahoo.com hold ID: -1876441606302586335, seats=[Seat [levelId=1, rowId=1, seatNumber=1, available=false], Seat [levelId=1, rowId=1, seatNumber=2, available=false]]]

test2@yahoo.com waiting to confirm 7 sec
Booking order  for-->test4@yahoo.com Number of Seats: 4 startLevel : 1
Each level==>1 level list: [[Seat [levelId=1, rowId=1, seatNumber=1, available=false], Seat [levelId=1, rowId=1, seatNumber=2, available=false], Seat [levelId=1, rowId=1, seatNumber=3, available=true], Seat [levelId=1, rowId=1, seatNumber=4, available=true]], [Seat [levelId=1, rowId=2, seatNumber=1, available=true], Seat [levelId=1, rowId=2, seatNumber=2, available=true], Seat [levelId=1, rowId=2, seatNumber=3, available=true], Seat [levelId=1, rowId=2, seatNumber=4, available=true]], [Seat [levelId=1, rowId=3, seatNumber=1, available=true], Seat [levelId=1, rowId=3, seatNumber=2, available=true], Seat [levelId=1, rowId=3, seatNumber=3, available=true], Seat [levelId=1, rowId=3, seatNumber=4, available=true]]]
Putting Hold for :  Customer: test4@yahoo.com hold ID: -5914102777343714623, seats=[Seat [levelId=1, rowId=1, seatNumber=3, available=false], Seat [levelId=1, rowId=1, seatNumber=4, available=false], Seat [levelId=1, rowId=2, seatNumber=1, available=false], Seat [levelId=1, rowId=2, seatNumber=2, available=false]]]

test4@yahoo.com waiting to confirm 8 sec
Booking order  for-->test1@yahoo.com Number of Seats: 6 startLevel : 1
Booking order  for-->test5@yahoo.com Number of Seats: 4 startLevel : 1
Each level==>1 level list: [[Seat [levelId=1, rowId=1, seatNumber=1, available=false], Seat [levelId=1, rowId=1, seatNumber=2, available=false], Seat [levelId=1, rowId=1, seatNumber=3, available=false], Seat [levelId=1, rowId=1, seatNumber=4, available=false]], [Seat [levelId=1, rowId=2, seatNumber=1, available=false], Seat [levelId=1, rowId=2, seatNumber=2, available=false], Seat [levelId=1, rowId=2, seatNumber=3, available=true], Seat [levelId=1, rowId=2, seatNumber=4, available=true]], [Seat [levelId=1, rowId=3, seatNumber=1, available=true], Seat [levelId=1, rowId=3, seatNumber=2, available=true], Seat [levelId=1, rowId=3, seatNumber=3, available=true], Seat [levelId=1, rowId=3, seatNumber=4, available=true]]]
Each level==>1 level list: [[Seat [levelId=1, rowId=1, seatNumber=1, available=false], Seat [levelId=1, rowId=1, seatNumber=2, available=false], Seat [levelId=1, rowId=1, seatNumber=3, available=false], Seat [levelId=1, rowId=1, seatNumber=4, available=false]], [Seat [levelId=1, rowId=2, seatNumber=1, available=false], Seat [levelId=1, rowId=2, seatNumber=2, available=false], Seat [levelId=1, rowId=2, seatNumber=3, available=true], Seat [levelId=1, rowId=2, seatNumber=4, available=true]], [Seat [levelId=1, rowId=3, seatNumber=1, available=true], Seat [levelId=1, rowId=3, seatNumber=2, available=true], Seat [levelId=1, rowId=3, seatNumber=3, available=true], Seat [levelId=1, rowId=3, seatNumber=4, available=true]]]
Last level 1 Moving to next level 1
Putting Hold for :  Customer: test1@yahoo.com hold ID: 6092199111004375105, seats=[Seat [levelId=1, rowId=2, seatNumber=3, available=false], Seat [levelId=1, rowId=2, seatNumber=4, available=false], Seat [levelId=1, rowId=3, seatNumber=1, available=false], Seat [levelId=1, rowId=3, seatNumber=2, available=false], Seat [levelId=1, rowId=3, seatNumber=3, available=false], Seat [levelId=1, rowId=3, seatNumber=4, available=false]]]

test1@yahoo.com waiting to confirm 10 sec
Each level==>2 level list: [[Seat [levelId=2, rowId=1, seatNumber=1, available=true], Seat [levelId=2, rowId=1, seatNumber=2, available=true], Seat [levelId=2, rowId=1, seatNumber=3, available=true], Seat [levelId=2, rowId=1, seatNumber=4, available=true], Seat [levelId=2, rowId=1, seatNumber=5, available=true]], [Seat [levelId=2, rowId=2, seatNumber=1, available=true], Seat [levelId=2, rowId=2, seatNumber=2, available=true], Seat [levelId=2, rowId=2, seatNumber=3, available=true], Seat [levelId=2, rowId=2, seatNumber=4, available=true], Seat [levelId=2, rowId=2, seatNumber=5, available=true]], [Seat [levelId=2, rowId=3, seatNumber=1, available=true], Seat [levelId=2, rowId=3, seatNumber=2, available=true], Seat [levelId=2, rowId=3, seatNumber=3, available=true], Seat [levelId=2, rowId=3, seatNumber=4, available=true], Seat [levelId=2, rowId=3, seatNumber=5, available=true]], [Seat [levelId=2, rowId=4, seatNumber=1, available=true], Seat [levelId=2, rowId=4, seatNumber=2, available=true], Seat [levelId=2, rowId=4, seatNumber=3, available=true], Seat [levelId=2, rowId=4, seatNumber=4, available=true], Seat [levelId=2, rowId=4, seatNumber=5, available=true]], [Seat [levelId=2, rowId=5, seatNumber=1, available=true], Seat [levelId=2, rowId=5, seatNumber=2, available=true], Seat [levelId=2, rowId=5, seatNumber=3, available=true], Seat [levelId=2, rowId=5, seatNumber=4, available=true], Seat [levelId=2, rowId=5, seatNumber=5, available=true]]]
Putting Hold for :  Customer: test5@yahoo.com hold ID: 1282390508242594953, seats=[Seat [levelId=2, rowId=1, seatNumber=1, available=false], Seat [levelId=2, rowId=1, seatNumber=2, available=false], Seat [levelId=2, rowId=1, seatNumber=3, available=false], Seat [levelId=2, rowId=1, seatNumber=4, available=false]]]

test5@yahoo.com waiting to confirm 10 sec
Booking order  for-->test3@yahoo.com Number of Seats: 4 startLevel : 1
Each level==>1 level list: [[Seat [levelId=1, rowId=1, seatNumber=1, available=false], Seat [levelId=1, rowId=1, seatNumber=2, available=false], Seat [levelId=1, rowId=1, seatNumber=3, available=false], Seat [levelId=1, rowId=1, seatNumber=4, available=false]], [Seat [levelId=1, rowId=2, seatNumber=1, available=false], Seat [levelId=1, rowId=2, seatNumber=2, available=false], Seat [levelId=1, rowId=2, seatNumber=3, available=false], Seat [levelId=1, rowId=2, seatNumber=4, available=false]], [Seat [levelId=1, rowId=3, seatNumber=1, available=false], Seat [levelId=1, rowId=3, seatNumber=2, available=false], Seat [levelId=1, rowId=3, seatNumber=3, available=false], Seat [levelId=1, rowId=3, seatNumber=4, available=false]]]
Last level 1 Moving to next level 1
Each level==>2 level list: [[Seat [levelId=2, rowId=1, seatNumber=1, available=false], Seat [levelId=2, rowId=1, seatNumber=2, available=false], Seat [levelId=2, rowId=1, seatNumber=3, available=false], Seat [levelId=2, rowId=1, seatNumber=4, available=false], Seat [levelId=2, rowId=1, seatNumber=5, available=true]], [Seat [levelId=2, rowId=2, seatNumber=1, available=true], Seat [levelId=2, rowId=2, seatNumber=2, available=true], Seat [levelId=2, rowId=2, seatNumber=3, available=true], Seat [levelId=2, rowId=2, seatNumber=4, available=true], Seat [levelId=2, rowId=2, seatNumber=5, available=true]], [Seat [levelId=2, rowId=3, seatNumber=1, available=true], Seat [levelId=2, rowId=3, seatNumber=2, available=true], Seat [levelId=2, rowId=3, seatNumber=3, available=true], Seat [levelId=2, rowId=3, seatNumber=4, available=true], Seat [levelId=2, rowId=3, seatNumber=5, available=true]], [Seat [levelId=2, rowId=4, seatNumber=1, available=true], Seat [levelId=2, rowId=4, seatNumber=2, available=true], Seat [levelId=2, rowId=4, seatNumber=3, available=true], Seat [levelId=2, rowId=4, seatNumber=4, available=true], Seat [levelId=2, rowId=4, seatNumber=5, available=true]], [Seat [levelId=2, rowId=5, seatNumber=1, available=true], Seat [levelId=2, rowId=5, seatNumber=2, available=true], Seat [levelId=2, rowId=5, seatNumber=3, available=true], Seat [levelId=2, rowId=5, seatNumber=4, available=true], Seat [levelId=2, rowId=5, seatNumber=5, available=true]]]
Putting Hold for :  Customer: test3@yahoo.com hold ID: -8416963879452052151, seats=[Seat [levelId=2, rowId=1, seatNumber=5, available=false], Seat [levelId=2, rowId=2, seatNumber=1, available=false], Seat [levelId=2, rowId=2, seatNumber=2, available=false], Seat [levelId=2, rowId=2, seatNumber=3, available=false]]]

test3@yahoo.com waiting to confirm 12 sec
Reserve seats : test2@yahoo.comconfirm-1876441606302586335

Reserve seats : test4@yahoo.comconfirm-5914102777343714623

Remove from Hold:   Customer: test5@yahoo.com hold ID: 1282390508242594953, seats=[Seat [levelId=2, rowId=1, seatNumber=1, available=true], Seat [levelId=2, rowId=1, seatNumber=2, available=true], Seat [levelId=2, rowId=1, seatNumber=3, available=true], Seat [levelId=2, rowId=1, seatNumber=4, available=true]]]
Remove from Hold:   Customer: test1@yahoo.com hold ID: 6092199111004375105, seats=[Seat [levelId=1, rowId=2, seatNumber=3, available=true], Seat [levelId=1, rowId=2, seatNumber=4, available=true], Seat [levelId=1, rowId=3, seatNumber=1, available=true], Seat [levelId=1, rowId=3, seatNumber=2, available=true], Seat [levelId=1, rowId=3, seatNumber=3, available=true], Seat [levelId=1, rowId=3, seatNumber=4, available=true]]]
Reserve seats : test1@yahoo.comBooking expired: 6092199111004375105

Reserve seats : test5@yahoo.comBooking expired: 1282390508242594953

Remove from Hold:   Customer: test3@yahoo.com hold ID: -8416963879452052151, seats=[Seat [levelId=2, rowId=1, seatNumber=5, available=true], Seat [levelId=2, rowId=2, seatNumber=1, available=true], Seat [levelId=2, rowId=2, seatNumber=2, available=true], Seat [levelId=2, rowId=2, seatNumber=3, available=true]]]
Reserve seats : test3@yahoo.comBooking expired: -8416963879452052151

No booking to retrieve 
Retrieve Booking for :  test1@yahoo.comnull
Hold Id: -1876441606302586335
Retrieving booking:  Customer: test2@yahoo.com hold ID: -1876441606302586335, seats=[Seat [levelId=1, rowId=1, seatNumber=1, available=false], Seat [levelId=1, rowId=1, seatNumber=2, available=false]]]

Retrieve Booking for :  test2@yahoo.com Customer: test2@yahoo.com hold ID: -1876441606302586335, seats=[Seat [levelId=1, rowId=1, seatNumber=1, available=false], Seat [levelId=1, rowId=1, seatNumber=2, available=false]]]
No booking to retrieve 
Retrieve Booking for :  test3@yahoo.comnull
Hold Id: -5914102777343714623
Retrieving booking:  Customer: test4@yahoo.com hold ID: -5914102777343714623, seats=[Seat [levelId=1, rowId=1, seatNumber=3, available=false], Seat [levelId=1, rowId=1, seatNumber=4, available=false], Seat [levelId=1, rowId=2, seatNumber=1, available=false], Seat [levelId=1, rowId=2, seatNumber=2, available=false]]]

Retrieve Booking for :  test4@yahoo.com Customer: test4@yahoo.com hold ID: -5914102777343714623, seats=[Seat [levelId=1, rowId=1, seatNumber=3, available=false], Seat [levelId=1, rowId=1, seatNumber=4, available=false], Seat [levelId=1, rowId=2, seatNumber=1, available=false], Seat [levelId=1, rowId=2, seatNumber=2, available=false]]]
No booking to retrieve 
Retrieve Booking for :  test5@yahoo.comnull
HoldId: -1876441606302586335 Is donetrue
HoldId: -5914102777343714623 Is donetrue
HoldId: -8416963879452052151 Is donetrue
HoldId: 1282390508242594953 Is donetrue
HoldId: 6092199111004375105 Is donetrue
@After - classTearDown
]]></system-out>
  <system-err><![CDATA[Nov 1, 2015 12:11:35 AM org.springframework.test.context.TestContextManager retrieveTestExecutionListeners
INFO: @TestExecutionListeners is not present for class [class app.TicketServiceAppTest]: using defaults.
Nov 1, 2015 12:11:35 AM org.springframework.context.support.AbstractApplicationContext prepareRefresh
INFO: Refreshing org.springframework.context.support.ClassPathXmlApplicationContext@56d73c7a: startup date [Sun Nov 01 00:11:35 EDT 2015]; root of context hierarchy
Nov 1, 2015 12:11:35 AM org.springframework.beans.factory.xml.XmlBeanDefinitionReader loadBeanDefinitions
INFO: Loading XML bean definitions from class path resource [ticketServiceBean.xml]
Nov 1, 2015 12:11:35 AM org.springframework.core.io.support.PropertiesLoaderSupport loadProperties
INFO: Loading properties file from class path resource [ticketService.config]
Nov 1, 2015 12:11:35 AM org.springframework.beans.factory.support.DefaultListableBeanFactory preInstantiateSingletons
INFO: Pre-instantiating singletons in org.springframework.beans.factory.support.DefaultListableBeanFactory@75be16f5: defining beans [propertyConfigurer,ticketService,dataService]; root of factory hierarchy
Nov 1, 2015 12:11:35 AM org.springframework.beans.factory.xml.XmlBeanDefinitionReader loadBeanDefinitions
INFO: Loading XML bean definitions from class path resource [ticketServiceBean.xml]
Nov 1, 2015 12:11:35 AM org.springframework.context.support.AbstractApplicationContext prepareRefresh
INFO: Refreshing org.springframework.context.support.GenericApplicationContext@28b301f2: startup date [Sun Nov 01 00:11:35 EDT 2015]; root of context hierarchy
Nov 1, 2015 12:11:35 AM org.springframework.core.io.support.PropertiesLoaderSupport loadProperties
INFO: Loading properties file from class path resource [ticketService.config]
Nov 1, 2015 12:11:35 AM org.springframework.beans.factory.support.DefaultListableBeanFactory preInstantiateSingletons
INFO: Pre-instantiating singletons in org.springframework.beans.factory.support.DefaultListableBeanFactory@19c5466b: defining beans [propertyConfigurer,ticketService,dataService,org.springframework.context.annotation.internalConfigurationAnnotationProcessor,org.springframework.context.annotation.internalAutowiredAnnotationProcessor,org.springframework.context.annotation.internalRequiredAnnotationProcessor,org.springframework.context.annotation.internalCommonAnnotationProcessor]; root of factory hierarchy
]]></system-err>
</testsuite>
