<?xml version="1.0" encoding="UTF-8" ?>
<testsuite errors="0" failures="0" hostname="RES1PARAS-M1" name="app.TicketServiceAppTest" tests="1" time="70.271" timestamp="2015-11-02T02:17:07">
  <properties>
[...]
</properties>
  <testcase classname="app.TicketServiceAppTest" name="multiThreadedBooking" time="70.059" />
  <system-out><![CDATA[ Seat Map has reduced seat capacity to allow testing. Can be modified using level.data parameter in ticketService.config
 Best available seats are the closest to the stage 
 Hold expires in 8 second. Can be modified using hold.duration parameter in ticketService.config 
 Seats for which the hold expires, are made available for the next customer 
 Test takes about 1 minute to complete. This is to allow background processes(hold expiration) to complete.

Number of seats at level 1:  12

Booking order  for-->test4@yahoo.com Number of Seats: 4 startLevel : 1
Putting Hold for :  Customer: test4@yahoo.com hold ID: 1446431072585, seats=[Seat [levelId=1, rowId=1, seatNumber=1, available=false], Seat [levelId=1, rowId=1, seatNumber=2, available=false], Seat [levelId=1, rowId=1, seatNumber=3, available=false], Seat [levelId=1, rowId=1, seatNumber=4, available=false]]]

test4@yahoo.com waiting to confirm 7 sec
Booking order  for-->test2@yahoo.com Number of Seats: 2 startLevel : 1
Putting Hold for :  Customer: test2@yahoo.com hold ID: 1446430759331, seats=[Seat [levelId=1, rowId=2, seatNumber=1, available=false], Seat [levelId=1, rowId=2, seatNumber=2, available=false]]]

test2@yahoo.com waiting to confirm 8 sec
Booking order  for-->test3@yahoo.com Number of Seats: 4 startLevel : 1
Putting Hold for :  Customer: test3@yahoo.com hold ID: 1446431121102, seats=[Seat [levelId=1, rowId=2, seatNumber=3, available=false], Seat [levelId=1, rowId=2, seatNumber=4, available=false], Seat [levelId=1, rowId=3, seatNumber=1, available=false], Seat [levelId=1, rowId=3, seatNumber=2, available=false]]]

test3@yahoo.com waiting to confirm 9 sec
Booking order  for-->test5@yahoo.com Number of Seats: 4 startLevel : 1
Booking order  for-->test1@yahoo.com Number of Seats: 6 startLevel : 1
Reserve seats : test4@yahoo.com  confirm1446431072585

Reserve seats : test2@yahoo.com  confirm1446430759331

Remove from Hold:   Customer: test3@yahoo.com hold ID: 1446431121102, seats=[Seat [levelId=1, rowId=2, seatNumber=3, available=false], Seat [levelId=1, rowId=2, seatNumber=4, available=false], Seat [levelId=1, rowId=3, seatNumber=1, available=true], Seat [levelId=1, rowId=3, seatNumber=2, available=true]]]
Putting Hold for :  Customer: test5@yahoo.com hold ID: 1446430879237, seats=[Seat [levelId=1, rowId=3, seatNumber=3, available=false], Seat [levelId=1, rowId=3, seatNumber=4, available=false], Seat [levelId=1, rowId=2, seatNumber=3, available=false], Seat [levelId=1, rowId=2, seatNumber=4, available=false]]]

test5@yahoo.com waiting to confirm 10 sec
Reserve seats : test3@yahoo.com   Booking expired: 1446431121102

Remove from Hold:   Customer: test5@yahoo.com hold ID: 1446430879237, seats=[Seat [levelId=1, rowId=3, seatNumber=3, available=false], Seat [levelId=1, rowId=3, seatNumber=4, available=false], Seat [levelId=1, rowId=2, seatNumber=3, available=false], Seat [levelId=1, rowId=2, seatNumber=4, available=false]]]
Putting Hold for :  Customer: test1@yahoo.com hold ID: 1446431116212, seats=[Seat [levelId=1, rowId=3, seatNumber=1, available=false], Seat [levelId=1, rowId=3, seatNumber=2, available=false], Seat [levelId=1, rowId=3, seatNumber=3, available=false], Seat [levelId=1, rowId=3, seatNumber=4, available=false], Seat [levelId=1, rowId=2, seatNumber=3, available=false], Seat [levelId=1, rowId=2, seatNumber=4, available=false]]]

test1@yahoo.com waiting to confirm 11 sec
Reserve seats : test5@yahoo.com   Booking expired: 1446430879237

Remove from Hold:   Customer: test1@yahoo.com hold ID: 1446431116212, seats=[Seat [levelId=1, rowId=3, seatNumber=1, available=true], Seat [levelId=1, rowId=3, seatNumber=2, available=true], Seat [levelId=1, rowId=3, seatNumber=3, available=true], Seat [levelId=1, rowId=3, seatNumber=4, available=true], Seat [levelId=1, rowId=2, seatNumber=3, available=true], Seat [levelId=1, rowId=2, seatNumber=4, available=true]]]
Reserve seats : test1@yahoo.com   Booking expired: 1446431116212

Retrieve Booking for :  test1@yahoo.com and code  Booking expired: 1446431116212 No booking to retrieve 
Retrieve Booking for :  test2@yahoo.com and code confirm1446430759331 Customer: test2@yahoo.com hold ID: 1446430759331, seats=[Seat [levelId=1, rowId=2, seatNumber=1, available=false], Seat [levelId=1, rowId=2, seatNumber=2, available=false]]]
Retrieve Booking for :  test3@yahoo.com and code  Booking expired: 1446431121102 No booking to retrieve 
Retrieve Booking for :  test4@yahoo.com and code confirm1446431072585 Customer: test4@yahoo.com hold ID: 1446431072585, seats=[Seat [levelId=1, rowId=1, seatNumber=1, available=false], Seat [levelId=1, rowId=1, seatNumber=2, available=false], Seat [levelId=1, rowId=1, seatNumber=3, available=false], Seat [levelId=1, rowId=1, seatNumber=4, available=false]]]
Retrieve Booking for :  test5@yahoo.com and code  Booking expired: 1446430879237 No booking to retrieve 
Number of seats at level 1:  6

@After - classTearDown
]]></system-out>
  <system-err><![CDATA[Nov 1, 2015 9:17:07 PM org.springframework.test.context.TestContextManager retrieveTestExecutionListeners
INFO: @TestExecutionListeners is not present for class [class app.TicketServiceAppTest]: using defaults.
Nov 1, 2015 9:17:07 PM org.springframework.context.support.AbstractApplicationContext prepareRefresh
INFO: Refreshing org.springframework.context.support.ClassPathXmlApplicationContext@4cc39a20: startup date [Sun Nov 01 21:17:07 EST 2015]; root of context hierarchy
Nov 1, 2015 9:17:07 PM org.springframework.beans.factory.xml.XmlBeanDefinitionReader loadBeanDefinitions
INFO: Loading XML bean definitions from class path resource [ticketServiceBean.xml]
Nov 1, 2015 9:17:07 PM org.springframework.core.io.support.PropertiesLoaderSupport loadProperties
INFO: Loading properties file from class path resource [ticketService.config]
Nov 1, 2015 9:17:07 PM org.springframework.beans.factory.support.DefaultListableBeanFactory preInstantiateSingletons
INFO: Pre-instantiating singletons in org.springframework.beans.factory.support.DefaultListableBeanFactory@75be16f5: defining beans [propertyConfigurer,ticketService,dataService]; root of factory hierarchy
Nov 1, 2015 9:17:07 PM org.springframework.beans.factory.xml.XmlBeanDefinitionReader loadBeanDefinitions
INFO: Loading XML bean definitions from class path resource [ticketServiceBean.xml]
Nov 1, 2015 9:17:07 PM org.springframework.context.support.AbstractApplicationContext prepareRefresh
INFO: Refreshing org.springframework.context.support.GenericApplicationContext@28b301f2: startup date [Sun Nov 01 21:17:07 EST 2015]; root of context hierarchy
Nov 1, 2015 9:17:07 PM org.springframework.core.io.support.PropertiesLoaderSupport loadProperties
INFO: Loading properties file from class path resource [ticketService.config]
Nov 1, 2015 9:17:07 PM org.springframework.beans.factory.support.DefaultListableBeanFactory preInstantiateSingletons
INFO: Pre-instantiating singletons in org.springframework.beans.factory.support.DefaultListableBeanFactory@7aa89ce3: defining beans [propertyConfigurer,ticketService,dataService,org.springframework.context.annotation.internalConfigurationAnnotationProcessor,org.springframework.context.annotation.internalAutowiredAnnotationProcessor,org.springframework.context.annotation.internalRequiredAnnotationProcessor,org.springframework.context.annotation.internalCommonAnnotationProcessor]; root of factory hierarchy
]]></system-err>
</testsuite>
